[ 2018-11-19T18:02:36+08:00 ] 192.168.1.104 /Article/commentReply.html?article_id=228&random=1542621752&sign=b90056efc978a42ed44a7efe376e3868
INFO: [ route_check ] --START--
INFO: CheckRoute Behavior ::run [ RunTime:0.001000s ]
INFO: [ route_check ] --END-- [ RunTime:0.002000s ]
NOTIC: [8192] preg_replace(): The /e modifier is deprecated, use preg_replace_callback instead C:\wamp64\www\youdi\ThinkPHP\Lib\Core\Dispatcher.class.php 第 132 行.
NOTIC: [2] array_walk_recursive() expects parameter 2 to be a valid callback, function 'filter_exp' not found or invalid function name C:\wamp64\www\youdi\ThinkPHP\Lib\Core\App.class.php 第 56 行.
NOTIC: [2] array_walk_recursive() expects parameter 2 to be a valid callback, function 'filter_exp' not found or invalid function name C:\wamp64\www\youdi\ThinkPHP\Lib\Core\App.class.php 第 57 行.
INFO: [ app_begin ] --START--
INFO: ReadHtmlCache Behavior ::run [ RunTime:0.000000s ]
NOTIC: [2] stripos() expects parameter 1 to be string, array given C:\wamp64\www\youdi\ThinkPHP\Extend\Behavior\CheckLangBehavior.class.php 第 62 行.
INFO: CheckLang Behavior ::run [ RunTime:0.004000s ]
INFO: [ app_begin ] --END-- [ RunTime:0.007000s ]
NOTIC: [8] A session had already been started - ignoring session_start() C:\wamp64\www\youdi\ThinkPHP\Common\functions.php 第 566 行.
NOTIC: [8] Undefined index: lang C:\wamp64\www\youdi\App\Common\common.php 第 2416 行.
NOTIC: [8192] mysql_connect(): The mysql extension is deprecated and will be removed in the future: use mysqli or PDO instead C:\wamp64\www\youdi\ThinkPHP\Lib\Driver\Db\DbMysql.class.php 第 55 行.
SQL: SHOW COLUMNS FROM `my_goods_category` [ RunTime:0.001000s ]
NOTIC: [8192] preg_replace(): The /e modifier is deprecated, use preg_replace_callback instead C:\wamp64\www\youdi\ThinkPHP\Lib\Core\Db.class.php 第 605 行.
SQL: SELECT `id`,cn_name AS name,`pid`,`ad_array`,`goods_attribute_id_all`,`ad_alone`,`ad_alone_link`,`ad_price`,cn_ad_title AS ad_title,`ad_alone1`,`ad_alone_link1`,`ad_array` FROM `my_goods_category` WHERE ( `is_show` = 1 ) ORDER BY `reorder` ASC  [ RunTime:0.000000s ]
NOTIC: [8] Undefined variable: cateList C:\wamp64\www\youdi\App\Lib\Action\BasicAction.class.php 第 23 行.
SQL: SELECT a.id,a.cn_titletext AS titletext,f.files_type FROM my_files_sort AS f JOIN my_article AS a ON(f.files_id=a.files_id AND f.files_pid > 0 AND f.display=1 AND f.files_type IN(3,7)) ORDER BY files_type ASC [ RunTime:0.001000s ]
NOTIC: [8] Undefined variable: string C:\wamp64\www\youdi\App\Common\common.php 第 317 行.
NOTIC: [8] Undefined variable: getKey C:\wamp64\www\youdi\App\Common\common.php 第 318 行.
NOTIC: [8] Undefined index:  C:\wamp64\www\youdi\App\Common\common.php 第 1691 行.
NOTIC: [8] Undefined index: uid_id C:\wamp64\www\youdi\App\Common\common.php 第 1692 行.
NOTIC: [8] Undefined index: user_name C:\wamp64\www\youdi\App\Common\common.php 第 1693 行.
NOTIC: [8] Undefined index: head_pic C:\wamp64\www\youdi\App\Common\common.php 第 1694 行.
NOTIC: [8] Undefined index: user_ip C:\wamp64\www\youdi\App\Common\common.php 第 1695 行.
NOTIC: [8] Undefined index: user_login_tiem C:\wamp64\www\youdi\App\Common\common.php 第 1696 行.
NOTIC: [8] Undefined index:  C:\wamp64\www\youdi\App\Common\common.php 第 1702 行.
NOTIC: [8] Undefined index: uid_id C:\wamp64\www\youdi\App\Common\common.php 第 1747 行.
NOTIC: [8] Undefined index: comment_id C:\wamp64\www\youdi\App\Modules\Home\Action\ArticleAction.class.php 第 198 行.
NOTIC: [2] preg_match(): Compilation failed: missing terminating ] for character class at offset 11 C:\wamp64\www\youdi\App\Modules\Home\Action\ArticleAction.class.php 第 292 行.
NOTIC: [2] preg_match(): Compilation failed: missing terminating ] for character class at offset 8 C:\wamp64\www\youdi\App\Modules\Home\Action\ArticleAction.class.php 第 292 行.
NOTIC: [2] preg_match(): Compilation failed: missing terminating ] for character class at offset 11 C:\wamp64\www\youdi\App\Modules\Home\Action\ArticleAction.class.php 第 292 行.
NOTIC: [2] preg_match(): Compilation failed: missing terminating ] for character class at offset 11 C:\wamp64\www\youdi\App\Modules\Home\Action\ArticleAction.class.php 第 292 行.
NOTIC: [2] preg_match(): Compilation failed: missing terminating ] for character class at offset 11 C:\wamp64\www\youdi\App\Modules\Home\Action\ArticleAction.class.php 第 292 行.
NOTIC: [2] preg_match(): Compilation failed: missing terminating ] for character class at offset 11 C:\wamp64\www\youdi\App\Modules\Home\Action\ArticleAction.class.php 第 292 行.
NOTIC: [2] preg_match(): Compilation failed: missing terminating ] for character class at offset 11 C:\wamp64\www\youdi\App\Modules\Home\Action\ArticleAction.class.php 第 292 行.
NOTIC: [2] preg_match(): Compilation failed: missing terminating ] for character class at offset 8 C:\wamp64\www\youdi\App\Modules\Home\Action\ArticleAction.class.php 第 292 行.
NOTIC: [2] preg_match(): Compilation failed: missing terminating ] for character class at offset 11 C:\wamp64\www\youdi\App\Modules\Home\Action\ArticleAction.class.php 第 292 行.
NOTIC: [2] preg_match(): Compilation failed: missing terminating ] for character class at offset 11 C:\wamp64\www\youdi\App\Modules\Home\Action\ArticleAction.class.php 第 292 行.
NOTIC: [2] preg_match(): Compilation failed: missing terminating ] for character class at offset 11 C:\wamp64\www\youdi\App\Modules\Home\Action\ArticleAction.class.php 第 292 行.
NOTIC: [2] preg_match(): Compilation failed: missing terminating ] for character class at offset 11 C:\wamp64\www\youdi\App\Modules\Home\Action\ArticleAction.class.php 第 292 行.
NOTIC: [2] preg_match(): Compilation failed: missing terminating ] for character class at offset 11 C:\wamp64\www\youdi\App\Modules\Home\Action\ArticleAction.class.php 第 292 行.
NOTIC: [2] preg_match(): Compilation failed: missing terminating ] for character class at offset 11 C:\wamp64\www\youdi\App\Modules\Home\Action\ArticleAction.class.php 第 292 行.
NOTIC: [2] preg_match(): Compilation failed: missing terminating ] for character class at offset 11 C:\wamp64\www\youdi\App\Modules\Home\Action\ArticleAction.class.php 第 292 行.
NOTIC: [2] preg_match(): Compilation failed: missing terminating ] for character class at offset 11 C:\wamp64\www\youdi\App\Modules\Home\Action\ArticleAction.class.php 第 292 行.
NOTIC: [2] preg_match(): Compilation failed: missing terminating ] for character class at offset 11 C:\wamp64\www\youdi\App\Modules\Home\Action\ArticleAction.class.php 第 292 行.
NOTIC: [2] preg_match(): Compilation failed: missing terminating ] for character class at offset 8 C:\wamp64\www\youdi\App\Modules\Home\Action\ArticleAction.class.php 第 292 行.
NOTIC: [2] preg_match(): Compilation failed: missing terminating ] for character class at offset 8 C:\wamp64\www\youdi\App\Modules\Home\Action\ArticleAction.class.php 第 292 行.
NOTIC: [2] preg_match(): Compilation failed: missing terminating ] for character class at offset 11 C:\wamp64\www\youdi\App\Modules\Home\Action\ArticleAction.class.php 第 292 行.
NOTIC: [2] preg_match(): Compilation failed: missing terminating ] for character class at offset 11 C:\wamp64\www\youdi\App\Modules\Home\Action\ArticleAction.class.php 第 292 行.
NOTIC: [2] preg_match(): Compilation failed: missing terminating ] for character class at offset 8 C:\wamp64\www\youdi\App\Modules\Home\Action\ArticleAction.class.php 第 292 行.
NOTIC: [2] preg_match(): Compilation failed: missing terminating ] for character class at offset 11 C:\wamp64\www\youdi\App\Modules\Home\Action\ArticleAction.class.php 第 292 行.
NOTIC: [2] preg_match(): Compilation failed: missing terminating ] for character class at offset 14 C:\wamp64\www\youdi\App\Modules\Home\Action\ArticleAction.class.php 第 292 行.
SQL: SHOW COLUMNS FROM `my_comment_reply` [ RunTime:0.000000s ]
SQL: INSERT INTO `my_comment_reply` (`article_id`,`comment_id`,`user_id`,`content`,`is_show`,`times`,`is_read`) VALUES (228,0,331,'请问',1,1542621756,1) [ RunTime:0.000000s ]
SQL: SHOW COLUMNS FROM `my_article` [ RunTime:0.001000s ]
SQL: UPDATE `my_article` SET `comment`=comment+1 WHERE ( `id` = 228 ) [ RunTime:0.000000s ]

